# JRE version: Java(TM) SE Runtime Environment (23.0+37) (build 23+37-2369)
# Java VM: Java HotSpot(TM) 64-Bit Server VM (23+37-2369, mixed mode, sharing, tiered, compressed oops, compressed class ptrs, g1 gc, windows-amd64)
GC Precious Log:
 CardTable entry size: 512
 Card Set container configuration: InlinePtr #cards 5 size 8 Array Of Cards #cards 10 size 36 Howl #buckets 4 coarsen threshold 1843 Howl Bitmap #cards 512 size 80 coarsen threshold 460 Card regions per heap region 1 cards per card region 2048
 CPUs: 8 total, 8 available
 Memory: 7929M
 Large Page Support: Disabled
 NUMA Support: Disabled
 Compressed Oops: Enabled (32-bit)
 Heap Region Size: 1M
 Heap Min Capacity: 8M
 Heap Initial Capacity: 124M
 Heap Max Capacity: 1984M
 Pre-touch: Disabled
 Parallel Workers: 8
 Concurrent Workers: 2
 Concurrent Refinement Workers: 8
 Periodic GC: Disabled
Heap:
 garbage-first heap   total reserved 2031616K, committed 54272K, used 32583K [0x0000000084000000, 0x0000000100000000)
  region size 1024K, 8 young (8192K), 3 survivors (3072K)
 Metaspace       used 64715K, committed 65344K, reserved 1114112K
  class space    used 9021K, committed 9280K, reserved 1048576K
GC Heap History (20 events):
Event: 5.169 GC heap before
{Heap before GC invocations=6 (full 0):
 garbage-first heap   total reserved 2031616K, committed 45056K, used 34184K [0x0000000084000000, 0x0000000100000000)
  region size 1024K, 20 young (20480K), 2 survivors (2048K)
 Metaspace       used 31100K, committed 31552K, reserved 1114112K
  class space    used 4104K, committed 4288K, reserved 1048576K
}
Event: 5.177 GC heap after
{Heap after GC invocations=7 (full 0):
 garbage-first heap   total reserved 2031616K, committed 45056K, used 18675K [0x0000000084000000, 0x0000000100000000)
  region size 1024K, 3 young (3072K), 3 survivors (3072K)
 Metaspace       used 31100K, committed 31552K, reserved 1114112K
  class space    used 4104K, committed 4288K, reserved 1048576K
}
Event: 5.963 GC heap before
{Heap before GC invocations=7 (full 0):
 garbage-first heap   total reserved 2031616K, committed 45056K, used 35059K [0x0000000084000000, 0x0000000100000000)
  region size 1024K, 20 young (20480K), 3 survivors (3072K)
 Metaspace       used 34632K, committed 35200K, reserved 1114112K
  class space    used 4554K, committed 4800K, reserved 1048576K
}
Event: 5.969 GC heap after
{Heap after GC invocations=8 (full 0):
 garbage-first heap   total reserved 2031616K, committed 45056K, used 20520K [0x0000000084000000, 0x0000000100000000)
  region size 1024K, 2 young (2048K), 2 survivors (2048K)
 Metaspace       used 34632K, committed 35200K, reserved 1114112K
  class space    used 4554K, committed 4800K, reserved 1048576K
}
Event: 6.091 GC heap before
{Heap before GC invocations=8 (full 0):
 garbage-first heap   total reserved 2031616K, committed 45056K, used 23592K [0x0000000084000000, 0x0000000100000000)
  region size 1024K, 6 young (6144K), 2 survivors (2048K)
 Metaspace       used 35608K, committed 36096K, reserved 1114112K
  class space    used 4710K, committed 4928K, reserved 1048576K
}
Event: 6.093 GC heap after
{Heap after GC invocations=9 (full 0):
 garbage-first heap   total reserved 2031616K, committed 45056K, used 20503K [0x0000000084000000, 0x0000000100000000)
  region size 1024K, 2 young (2048K), 2 survivors (2048K)
 Metaspace       used 35608K, committed 36096K, reserved 1114112K
  class space    used 4710K, committed 4928K, reserved 1048576K
}
Event: 6.752 GC heap before
{Heap before GC invocations=10 (full 0):
 garbage-first heap   total reserved 2031616K, committed 45056K, used 36887K [0x0000000084000000, 0x0000000100000000)
  region size 1024K, 19 young (19456K), 2 survivors (2048K)
 Metaspace       used 39948K, committed 40512K, reserved 1114112K
  class space    used 5463K, committed 5696K, reserved 1048576K
}
Event: 6.759 GC heap after
{Heap after GC invocations=11 (full 0):
 garbage-first heap   total reserved 2031616K, committed 45056K, used 21385K [0x0000000084000000, 0x0000000100000000)
  region size 1024K, 3 young (3072K), 3 survivors (3072K)
 Metaspace       used 39948K, committed 40512K, reserved 1114112K
  class space    used 5463K, committed 5696K, reserved 1048576K
}
Event: 7.690 GC heap before
{Heap before GC invocations=11 (full 0):
 garbage-first heap   total reserved 2031616K, committed 45056K, used 36745K [0x0000000084000000, 0x0000000100000000)
  region size 1024K, 19 young (19456K), 3 survivors (3072K)
 Metaspace       used 45197K, committed 45696K, reserved 1114112K
  class space    used 6152K, committed 6400K, reserved 1048576K
}
Event: 7.696 GC heap after
{Heap after GC invocations=12 (full 0):
 garbage-first heap   total reserved 2031616K, committed 45056K, used 22408K [0x0000000084000000, 0x0000000100000000)
  region size 1024K, 3 young (3072K), 3 survivors (3072K)
 Metaspace       used 45197K, committed 45696K, reserved 1114112K
  class space    used 6152K, committed 6400K, reserved 1048576K
}
Event: 8.276 GC heap before
{Heap before GC invocations=12 (full 0):
 garbage-first heap   total reserved 2031616K, committed 45056K, used 36744K [0x0000000084000000, 0x0000000100000000)
  region size 1024K, 18 young (18432K), 3 survivors (3072K)
 Metaspace       used 48572K, committed 49152K, reserved 1114112K
  class space    used 6577K, committed 6848K, reserved 1048576K
}
Event: 8.280 GC heap after
{Heap after GC invocations=13 (full 0):
 garbage-first heap   total reserved 2031616K, committed 45056K, used 23233K [0x0000000084000000, 0x0000000100000000)
  region size 1024K, 3 young (3072K), 3 survivors (3072K)
 Metaspace       used 48572K, committed 49152K, reserved 1114112K
  class space    used 6577K, committed 6848K, reserved 1048576K
}
Event: 8.935 GC heap before
{Heap before GC invocations=14 (full 0):
 garbage-first heap   total reserved 2031616K, committed 45056K, used 36545K [0x0000000084000000, 0x0000000100000000)
  region size 1024K, 17 young (17408K), 3 survivors (3072K)
 Metaspace       used 53345K, committed 53952K, reserved 1114112K
  class space    used 7331K, committed 7616K, reserved 1048576K
}
Event: 8.947 GC heap after
{Heap after GC invocations=15 (full 0):
 garbage-first heap   total reserved 2031616K, committed 45056K, used 24242K [0x0000000084000000, 0x0000000100000000)
  region size 1024K, 2 young (2048K), 2 survivors (2048K)
 Metaspace       used 53345K, committed 53952K, reserved 1114112K
  class space    used 7331K, committed 7616K, reserved 1048576K
}
Event: 9.417 GC heap before
{Heap before GC invocations=15 (full 0):
 garbage-first heap   total reserved 2031616K, committed 45056K, used 38578K [0x0000000084000000, 0x0000000100000000)
  region size 1024K, 17 young (17408K), 2 survivors (2048K)
 Metaspace       used 56638K, committed 57280K, reserved 1114112K
  class space    used 7903K, committed 8192K, reserved 1048576K
}
Event: 9.432 GC heap after
{Heap after GC invocations=16 (full 0):
 garbage-first heap   total reserved 2031616K, committed 54272K, used 24390K [0x0000000084000000, 0x0000000100000000)
  region size 1024K, 2 young (2048K), 2 survivors (2048K)
 Metaspace       used 56638K, committed 57280K, reserved 1114112K
  class space    used 7903K, committed 8192K, reserved 1048576K
}
Event: 10.711 GC heap before
{Heap before GC invocations=16 (full 0):
 garbage-first heap   total reserved 2031616K, committed 54272K, used 46918K [0x0000000084000000, 0x0000000100000000)
  region size 1024K, 24 young (24576K), 2 survivors (2048K)
 Metaspace       used 61327K, committed 61952K, reserved 1114112K
  class space    used 8560K, committed 8832K, reserved 1048576K
}
Event: 10.717 GC heap after
{Heap after GC invocations=17 (full 0):
 garbage-first heap   total reserved 2031616K, committed 54272K, used 26164K [0x0000000084000000, 0x0000000100000000)
  region size 1024K, 3 young (3072K), 3 survivors (3072K)
 Metaspace       used 61327K, committed 61952K, reserved 1114112K
  class space    used 8560K, committed 8832K, reserved 1048576K
}
Event: 11.229 GC heap before
{Heap before GC invocations=17 (full 0):
 garbage-first heap   total reserved 2031616K, committed 54272K, used 45620K [0x0000000084000000, 0x0000000100000000)
  region size 1024K, 23 young (23552K), 3 survivors (3072K)
 Metaspace       used 63942K, committed 64640K, reserved 1114112K
  class space    used 8908K, committed 9216K, reserved 1048576K
}
Event: 11.234 GC heap after
{Heap after GC invocations=18 (full 0):
 garbage-first heap   total reserved 2031616K, committed 54272K, used 28487K [0x0000000084000000, 0x0000000100000000)
  region size 1024K, 3 young (3072K), 3 survivors (3072K)
 Metaspace       used 63942K, committed 64640K, reserved 1114112K
  class space    used 8908K, committed 9216K, reserved 1048576K
}

